f:\year 3\spring 2020\c++\project\pinball-vs\pinball\pinball\debug\vc142.pdb
f:\year 3\spring 2020\c++\project\pinball-vs\pinball\pinball\debug\vc142.idb
f:\year 3\spring 2020\c++\project\pinball-vs\pinball\pinball\debug\main.obj
f:\year 3\spring 2020\c++\project\pinball-vs\pinball\pinball\debug\interface.obj
f:\year 3\spring 2020\c++\project\pinball-vs\pinball\pinball\debug\wall.obj
f:\year 3\spring 2020\c++\project\pinball-vs\pinball\pinball\debug\kicker.obj
f:\year 3\spring 2020\c++\project\pinball-vs\pinball\pinball\debug\gate.obj
f:\year 3\spring 2020\c++\project\pinball-vs\pinball\pinball\debug\ceiling.obj
f:\year 3\spring 2020\c++\project\pinball-vs\pinball\pinball\debug\flipper.obj
f:\year 3\spring 2020\c++\project\pinball-vs\pinball\pinball\debug\ball.obj
f:\year 3\spring 2020\c++\project\pinball-vs\pinball\pinball\debug\game.obj
f:\year 3\spring 2020\c++\project\pinball-vs\pinball\debug\pinball.exe
f:\year 3\spring 2020\c++\project\pinball-vs\pinball\debug\pinball.ilk
f:\year 3\spring 2020\c++\project\pinball-vs\pinball\debug\pinball.pdb
f:\year 3\spring 2020\c++\project\pinball-vs\pinball\pinball\debug\pinball.tlog\cl.command.1.tlog
f:\year 3\spring 2020\c++\project\pinball-vs\pinball\pinball\debug\pinball.tlog\cl.read.1.tlog
f:\year 3\spring 2020\c++\project\pinball-vs\pinball\pinball\debug\pinball.tlog\cl.write.1.tlog
f:\year 3\spring 2020\c++\project\pinball-vs\pinball\pinball\debug\pinball.tlog\link.command.1.tlog
f:\year 3\spring 2020\c++\project\pinball-vs\pinball\pinball\debug\pinball.tlog\link.read.1.tlog
f:\year 3\spring 2020\c++\project\pinball-vs\pinball\pinball\debug\pinball.tlog\link.write.1.tlog
